This is pdfTeX, Version 3.141592653-2.6-1.40.26 (MiKTeX 24.4) (preloaded format=pdflatex 2024.6.25)  27 JUN 2024 13:22
entering extended mode
 restricted \write18 enabled.
 file:line:error style messages enabled.
 %&-line parsing enabled.
**"c:/Users/fallf/OneDrive/Documents/Project Pythagoras/Rock n Roll Bingo/index.tex"
(c:/Users/fallf/OneDrive/Documents/Project Pythagoras/Rock n Roll Bingo/index.tex
LaTeX2e <2024-06-01> patch level 1
L3 programming layer <2024-05-27>
(C:\Users\fallf\AppData\Local\Programs\MiKTeX\tex/latex/flacards\flacards.cls
Document Class: flacards 2005/11/06 Klasse fuer Lernkarten/Class for flashcards
(C:\Users\fallf\AppData\Local\Programs\MiKTeX\tex/latex/base\article.cls
Document Class: article 2024/02/08 v1.4n Standard LaTeX document class
(C:\Users\fallf\AppData\Local\Programs\MiKTeX\tex/latex/base\size10.clo
File: size10.clo 2024/02/08 v1.4n Standard LaTeX file (size option)
)
\c@part=\count194
\c@section=\count195
\c@subsection=\count196
\c@subsubsection=\count197
\c@paragraph=\count198
\c@subparagraph=\count199
\c@figure=\count266
\c@table=\count267
\abovecaptionskip=\skip49
\belowcaptionskip=\skip50
\bibindent=\dimen141
) (C:\Users\fallf\AppData\Local\Programs\MiKTeX\tex/latex/geometry\geometry.sty
Package: geometry 2020/01/02 v5.9 Page Geometry
 (C:\Users\fallf\AppData\Local\Programs\MiKTeX\tex/latex/graphics\keyval.sty
Package: keyval 2022/05/29 v1.15 key=value parser (DPC)
\KV@toks@=\toks17
) (C:\Users\fallf\AppData\Local\Programs\MiKTeX\tex/generic/iftex\ifvtex.sty
Package: ifvtex 2019/10/25 v1.7 ifvtex legacy package. Use iftex instead.
 (C:\Users\fallf\AppData\Local\Programs\MiKTeX\tex/generic/iftex\iftex.sty
Package: iftex 2022/02/03 v1.0f TeX engine tests
))
\Gm@cnth=\count268
\Gm@cntv=\count269
\c@Gm@tempcnt=\count270
\Gm@bindingoffset=\dimen142
\Gm@wd@mp=\dimen143
\Gm@odd@mp=\dimen144
\Gm@even@mp=\dimen145
\Gm@layoutwidth=\dimen146
\Gm@layoutheight=\dimen147
\Gm@layouthoffset=\dimen148
\Gm@layoutvoffset=\dimen149
\Gm@dimlist=\toks18
 (C:\Users\fallf\AppData\Local\Programs\MiKTeX\tex/latex/geometry\geometry.cfg))
\c@cardno=\count271
\cardperpage=\count272
\cardwidth=\dimen150
\cardheight=\dimen151
\front=\box52
\back=\box53
) (C:\Users\fallf\AppData\Local\Programs\MiKTeX\tex/latex/graphics\graphicx.sty
Package: graphicx 2021/09/16 v1.2d Enhanced LaTeX Graphics (DPC,SPQR)
 (C:\Users\fallf\AppData\Local\Programs\MiKTeX\tex/latex/graphics\graphics.sty
Package: graphics 2024/05/23 v1.4g Standard LaTeX Graphics (DPC,SPQR)
 (C:\Users\fallf\AppData\Local\Programs\MiKTeX\tex/latex/graphics\trig.sty
Package: trig 2023/12/02 v1.11 sin cos tan (DPC)
) (C:\Users\fallf\AppData\Local\Programs\MiKTeX\tex/latex/graphics-cfg\graphics.cfg
File: graphics.cfg 2016/06/04 v1.11 sample graphics configuration
)
Package graphics Info: Driver file: pdftex.def on input line 106.
 (C:\Users\fallf\AppData\Local\Programs\MiKTeX\tex/latex/graphics-def\pdftex.def
File: pdftex.def 2024/04/13 v1.2c Graphics/color driver for pdftex
))
\Gin@req@height=\dimen152
\Gin@req@width=\dimen153
) (C:\Users\fallf\AppData\Local\Programs\MiKTeX\tex/latex/xcolor\xcolor.sty
Package: xcolor 2023/11/15 v3.01 LaTeX color extensions (UK)
 (C:\Users\fallf\AppData\Local\Programs\MiKTeX\tex/latex/graphics-cfg\color.cfg
File: color.cfg 2016/01/02 v1.6 sample color configuration
)
Package xcolor Info: Driver file: pdftex.def on input line 274.
 (C:\Users\fallf\AppData\Local\Programs\MiKTeX\tex/latex/graphics\mathcolor.ltx)
Package xcolor Info: Model `cmy' substituted by `cmy0' on input line 1350.
Package xcolor Info: Model `hsb' substituted by `rgb' on input line 1354.
Package xcolor Info: Model `RGB' extended on input line 1366.
Package xcolor Info: Model `HTML' substituted by `rgb' on input line 1368.
Package xcolor Info: Model `Hsb' substituted by `hsb' on input line 1369.
Package xcolor Info: Model `tHsb' substituted by `hsb' on input line 1370.
Package xcolor Info: Model `HSB' substituted by `hsb' on input line 1371.
Package xcolor Info: Model `Gray' substituted by `gray' on input line 1372.
Package xcolor Info: Model `wave' substituted by `hsb' on input line 1373.
) (C:\Users\fallf\AppData\Local\Programs\MiKTeX\tex/latex/listings\listings.sty
\lst@mode=\count273
\lst@gtempboxa=\box54
\lst@token=\toks19
\lst@length=\count274
\lst@currlwidth=\dimen154
\lst@column=\count275
\lst@pos=\count276
\lst@lostspace=\dimen155
\lst@width=\dimen156
\lst@newlines=\count277
\lst@lineno=\count278
\lst@maxwidth=\dimen157
 (C:\Users\fallf\AppData\Local\Programs\MiKTeX\tex/latex/listings\lstpatch.sty
File: lstpatch.sty 2024/05/25 1.10b (Carsten Heinz)
) (C:\Users\fallf\AppData\Local\Programs\MiKTeX\tex/latex/listings\lstmisc.sty
File: lstmisc.sty 2024/05/25 1.10b (Carsten Heinz)
\c@lstnumber=\count279
\lst@skipnumbers=\count280
\lst@framebox=\box55
) (C:\Users\fallf\AppData\Local\Programs\MiKTeX\tex/latex/listings\listings.cfg
File: listings.cfg 2024/05/25 1.10b listings configuration
))
Package: listings 2024/05/25 1.10b (Carsten Heinz)
 (C:\Users\fallf\AppData\Local\Programs\MiKTeX\tex/latex/easy\easytable.sty
Document Style `easytable' v1.0 <2001/06/13>.
(C:\Users\fallf\AppData\Local\Programs\MiKTeX\tex/latex/easy\easy.sty
Document Style `easy' v1.1 <2001/05/31>.
Package: easy 2001/05/31 v1.1
\@easy@level=\count281
\@easy@ncol=\count282
\@easy@nrow=\count283
\@easy@cnt=\count284
\@easy@boxviii=\box56
\@easy@minxviii=\dimen158
\@easy@minyviii=\dimen159
\@easy@maxxviii=\dimen160
\@easy@maxyviii=\dimen161
\@easy@boxvii=\box57
\@easy@minxvii=\dimen162
\@easy@minyvii=\dimen163
\@easy@maxxvii=\dimen164
\@easy@maxyvii=\dimen165
\@easy@boxvi=\box58
\@easy@minxvi=\dimen166
\@easy@minyvi=\dimen167
\@easy@maxxvi=\dimen168
\@easy@maxyvi=\dimen169
\@easy@boxv=\box59
\@easy@minxv=\dimen170
\@easy@minyv=\dimen171
\@easy@maxxv=\dimen172
\@easy@maxyv=\dimen173
\@easy@boxiv=\box60
\@easy@minxiv=\dimen174
\@easy@minyiv=\dimen175
\@easy@maxxiv=\dimen176
\@easy@maxyiv=\dimen177
\@easy@boxiii=\box61
\@easy@minxiii=\dimen178
\@easy@minyiii=\dimen179
\@easy@maxxiii=\dimen180
\@easy@maxyiii=\dimen181
\@easy@boxii=\box62
\@easy@minxii=\dimen182
\@easy@minyii=\dimen183
\@easy@maxxii=\dimen184
\@easy@maxyii=\dimen185
\@easy@boxi=\box63
\@easy@minxi=\dimen186
\@easy@minyi=\dimen187
\@easy@maxxi=\dimen188
\@easy@maxyi=\dimen189
\@easy@hsizexxx=\dimen190
\@easy@vsizexxx=\dimen191
\@easy@hsizexxix=\dimen192
\@easy@vsizexxix=\dimen193
\@easy@hsizexxviii=\dimen194
\@easy@vsizexxviii=\dimen195
\@easy@hsizexxvii=\dimen196
\@easy@vsizexxvii=\dimen197
\@easy@hsizexxvi=\dimen198
\@easy@vsizexxvi=\dimen199
\@easy@hsizexxv=\dimen256
\@easy@vsizexxv=\dimen257
\@easy@hsizexxiv=\dimen258
\@easy@vsizexxiv=\dimen259
\@easy@hsizexxiii=\dimen260
\@easy@vsizexxiii=\dimen261
\@easy@hsizexxii=\dimen262
\@easy@vsizexxii=\dimen263
\@easy@hsizexxi=\dimen264
\@easy@vsizexxi=\dimen265
\@easy@hsizexx=\dimen266
\@easy@vsizexx=\dimen267
\@easy@hsizexix=\dimen268
\@easy@vsizexix=\dimen269
\@easy@hsizexviii=\dimen270
\@easy@vsizexviii=\dimen271
\@easy@hsizexvii=\dimen272
\@easy@vsizexvii=\dimen273
\@easy@hsizexvi=\dimen274
\@easy@vsizexvi=\dimen275
\@easy@hsizexv=\dimen276
\@easy@vsizexv=\dimen277
\@easy@hsizexiv=\dimen278
\@easy@vsizexiv=\dimen279
\@easy@hsizexiii=\dimen280
\@easy@vsizexiii=\dimen281
\@easy@hsizexii=\dimen282
\@easy@vsizexii=\dimen283
\@easy@hsizexi=\dimen284
\@easy@vsizexi=\dimen285
\@easy@hsizex=\dimen286
\@easy@vsizex=\dimen287
\@easy@hsizeix=\dimen288
\@easy@vsizeix=\dimen289
\@easy@hsizeviii=\dimen290
\@easy@vsizeviii=\dimen291
\@easy@hsizevii=\dimen292
\@easy@vsizevii=\dimen293
\@easy@hsizevi=\dimen294
\@easy@vsizevi=\dimen295
\@easy@hsizev=\dimen296
\@easy@vsizev=\dimen297
\@easy@hsizeiv=\dimen298
\@easy@vsizeiv=\dimen299
\@easy@hsizeiii=\dimen300
\@easy@vsizeiii=\dimen301
\@easy@hsizeii=\dimen302
\@easy@vsizeii=\dimen303
\@easy@hsizei=\dimen304
\@easy@vsizei=\dimen305
\@easy@dash@len=\dimen306
\@easy@dash@sep=\dimen307
)
Package: easytable 2001/05/31v1.1
\@tab@size@rule=\dimen308
\@tab@size@dash=\dimen309
) (C:\Users\fallf\AppData\Local\Programs\MiKTeX\tex/latex/l3backend\l3backend-pdftex.def
File: l3backend-pdftex.def 2024-05-08 L3 backend support: PDF output (pdfTeX)
\l__color_backend_stack_int=\count285
\l__pdf_internal_box=\box64
) (index.aux)
\openout1 = `index.aux'.

LaTeX Font Info:    Checking defaults for OML/cmm/m/it on input line 8.
LaTeX Font Info:    ... okay on input line 8.
LaTeX Font Info:    Checking defaults for OMS/cmsy/m/n on input line 8.
LaTeX Font Info:    ... okay on input line 8.
LaTeX Font Info:    Checking defaults for OT1/cmr/m/n on input line 8.
LaTeX Font Info:    ... okay on input line 8.
LaTeX Font Info:    Checking defaults for T1/cmr/m/n on input line 8.
LaTeX Font Info:    ... okay on input line 8.
LaTeX Font Info:    Checking defaults for TS1/cmr/m/n on input line 8.
LaTeX Font Info:    ... okay on input line 8.
LaTeX Font Info:    Checking defaults for OMX/cmex/m/n on input line 8.
LaTeX Font Info:    ... okay on input line 8.
LaTeX Font Info:    Checking defaults for U/cmr/m/n on input line 8.
LaTeX Font Info:    ... okay on input line 8.

*geometry* driver: auto-detecting
*geometry* detected driver: pdftex
*geometry* verbose mode - [ preamble ] result:
* driver: pdftex
* paper: <default>
* layout: <same size as paper>
* layoutoffset:(h,v)=(0.0pt,0.0pt)
* modes: landscape twoside 
* h-part:(L,W,R)=(28.45274pt, 738.0645pt, 28.45274pt)
* v-part:(T,H,B)=(28.45274pt, 557.38951pt, 28.45274pt)
* \paperwidth=794.96999pt
* \paperheight=614.295pt
* \textwidth=738.0645pt
* \textheight=557.38951pt
* \oddsidemargin=-43.81725pt
* \evensidemargin=-43.81725pt
* \topmargin=-43.81725pt
* \headheight=0.0pt
* \headsep=0.0pt
* \topskip=10.0pt
* \footskip=0.0pt
* \marginparwidth=144.0pt
* \marginparsep=11.0pt
* \columnsep=10.0pt
* \skip\footins=9.0pt plus 4.0pt minus 2.0pt
* \hoffset=0.0pt
* \voffset=0.0pt
* \mag=1000
* \@twocolumnfalse
* \@twosidetrue
* \@mparswitchtrue
* \@reversemarginfalse
* (1in=72.27pt=25.4mm, 1cm=28.453pt)

(C:\Users\fallf\AppData\Local\Programs\MiKTeX\tex/context/base/mkii\supp-pdf.mkii
[Loading MPS to PDF converter (version 2006.09.02).]
\scratchcounter=\count286
\scratchdimen=\dimen310
\scratchbox=\box65
\nofMPsegments=\count287
\nofMParguments=\count288
\everyMPshowfont=\toks20
\MPscratchCnt=\count289
\MPscratchDim=\dimen311
\MPnumerator=\count290
\makeMPintoPDFobject=\count291
\everyMPtoPDFconversion=\toks21
) (C:\Users\fallf\AppData\Local\Programs\MiKTeX\tex/latex/epstopdf-pkg\epstopdf-base.sty
Package: epstopdf-base 2020-01-24 v2.11 Base part for package epstopdf
Package epstopdf-base Info: Redefining graphics rule for `.eps' on input line 485.
 (C:\Users\fallf\AppData\Local\Programs\MiKTeX\tex/latex/00miktex\epstopdf-sys.cfg
File: epstopdf-sys.cfg 2021/03/18 v2.0 Configuration of epstopdf for MiKTeX
))
\c@lstlisting=\count292

Easytable[row:2,col:5]
c:/Users/fallf/OneDrive/Documents/Project Pythagoras/Rock n Roll Bingo/index.tex:13: Improper alphabetic constant.
<to be read again> 
                   \divide 
l.13 \end{TAB}
              
A one-character control sequence belongs after a ` mark.
So I'm essentially inserting \0 here.



[1

{C:/Users/fallf/AppData/Local/MiKTeX/fonts/map/pdftex/pdftex.map}]

[2] (index.aux)
 ***********
LaTeX2e <2024-06-01> patch level 1
L3 programming layer <2024-05-27>
 ***********
 ) 
Here is how much of TeX's memory you used:
 3996 strings out of 473920
 62088 string characters out of 5726974
 1927908 words of memory out of 5000000
 26848 multiletter control sequences out of 15000+600000
 558368 words of font info for 37 fonts, out of 8000000 for 9000
 1141 hyphenation exceptions out of 8191
 72i,6n,79p,274b,265s stack positions out of 10000i,1000n,20000p,200000b,200000s
<C:/Users/fallf/AppData/Local/Programs/MiKTeX/fonts/type1/public/amsfonts/cm/cmr10.pfb><C:/Users/fallf/AppData/Local/Programs/MiKTeX/fonts/type1/public/amsfonts/cm/cmr17.pfb>
Output written on index.pdf (2 pages, 21050 bytes).
PDF statistics:
 19 PDF objects out of 1000 (max. 8388607)
 0 named destinations out of 1000 (max. 500000)
 1 words of extra memory for PDF output out of 10000 (max. 10000000)

